2025-06-05 13:54:02,880 - root - INFO - Received registration request for: shagun@gmail.com
2025-06-05 13:54:02,883 - root - INFO - User registered successfully: shagun@gmail.com
2025-06-05 13:54:22,850 - root - INFO - Received login request for: shagun@gmail.com
2025-06-05 13:54:22,879 - root - INFO - New user logged in: shagun@gmail.com
2025-06-05 13:54:22,891 - root - INFO - Updating user information for: shagun@gmail.com
2025-06-05 13:54:22,908 - root - INFO - Updated existing user: shagun@gmail.com
2025-06-05 13:54:51,486 - root - INFO - Attempting to establish WebSocket connection for client client_1749111891483
2025-06-05 13:54:51,491 - root - INFO - WebSocket connection established for client client_1749111891483. Active connections: 1
2025-06-05 13:54:51,498 - root - INFO - Starting style transfer process for user: shagun@gmail.com
2025-06-05 13:54:51,504 - model - INFO - Starting style transfer process
2025-06-05 13:54:51,505 - model - INFO - Content image: uploads\shagun@gmail.com\content_20250605_135451_content.jpg
2025-06-05 13:54:51,506 - model - INFO - Style image: uploads\shagun@gmail.com\style_20250605_135451_style.jpg
2025-06-05 13:54:51,507 - model - INFO - Number of steps: 10
2025-06-05 13:54:51,677 - model - INFO - Loaded image from file: uploads\shagun@gmail.com\content_20250605_135451_content.jpg
2025-06-05 13:54:51,836 - model - INFO - Loaded image from file: uploads\shagun@gmail.com\style_20250605_135451_style.jpg
2025-06-05 13:54:53,020 - model - INFO - Step 1/10 - Loss: 20349.5566
2025-06-05 13:54:53,460 - model - INFO - Step 2/10 - Loss: 26076.6621
2025-06-05 13:54:53,999 - model - INFO - Step 3/10 - Loss: 25771.4141
2025-06-05 13:54:54,597 - model - INFO - Step 4/10 - Loss: 25420.1816
2025-06-05 13:54:55,024 - model - INFO - Step 5/10 - Loss: 25038.5215
2025-06-05 13:54:55,484 - model - INFO - Step 6/10 - Loss: 24636.3301
2025-06-05 13:54:55,966 - model - INFO - Step 7/10 - Loss: 24217.8555
2025-06-05 13:54:56,425 - model - INFO - Step 8/10 - Loss: 23786.7734
2025-06-05 13:54:56,899 - model - INFO - Step 9/10 - Loss: 23342.9004
2025-06-05 13:54:57,331 - model - INFO - Step 10/10 - Loss: 22887.9980
2025-06-05 13:54:57,374 - model - INFO - Style transfer completed successfully
2025-06-05 13:54:57,414 - root - INFO - Transfer marked as complete for client client_1749111891483
2025-06-05 13:54:57,420 - root - INFO - WebSocket disconnected normally for client client_1749111891483
2025-06-05 13:54:57,421 - root - INFO - Transfer completed, closing WebSocket for client client_1749111891483
2025-06-05 13:54:57,421 - root - INFO - WebSocket connection closed for client client_1749111891483. Active connections: 0
2025-06-05 14:12:43,451 - root - INFO - Attempting to establish WebSocket connection for client client_1749112963397
2025-06-05 14:12:43,481 - root - INFO - WebSocket connection established for client client_1749112963397. Active connections: 1
2025-06-05 14:12:43,485 - root - INFO - Starting style transfer process for user: shagun@gmail.com
2025-06-05 14:12:43,492 - model - INFO - Starting style transfer process
2025-06-05 14:12:43,494 - model - INFO - Content image: uploads\shagun@gmail.com\content_20250605_141243_content.jpg
2025-06-05 14:12:43,495 - model - INFO - Style image: uploads\shagun@gmail.com\style_20250605_141243_style.jpg
2025-06-05 14:12:43,495 - model - INFO - Number of steps: 100
2025-06-05 14:12:43,629 - model - INFO - Loaded image from file: uploads\shagun@gmail.com\content_20250605_141243_content.jpg
2025-06-05 14:12:43,797 - model - INFO - Loaded image from file: uploads\shagun@gmail.com\style_20250605_141243_style.jpg
2025-06-05 14:12:45,263 - model - INFO - Step 1/100 - Loss: 20349.5566
2025-06-05 14:12:45,882 - model - INFO - Step 2/100 - Loss: 26076.6621
2025-06-05 14:12:46,514 - model - INFO - Step 3/100 - Loss: 25771.4141
2025-06-05 14:12:47,176 - model - INFO - Step 4/100 - Loss: 25420.1816
2025-06-05 14:12:47,779 - model - INFO - Step 5/100 - Loss: 25038.5215
2025-06-05 14:12:48,326 - model - INFO - Step 6/100 - Loss: 24636.3301
2025-06-05 14:12:48,850 - model - INFO - Step 7/100 - Loss: 24217.8555
2025-06-05 14:12:49,374 - model - INFO - Step 8/100 - Loss: 23786.7734
2025-06-05 14:12:49,891 - model - INFO - Step 9/100 - Loss: 23342.9004
2025-06-05 14:12:50,420 - model - INFO - Step 10/100 - Loss: 22887.9980
2025-06-05 14:12:50,946 - model - INFO - Step 11/100 - Loss: 22423.1523
2025-06-05 14:12:51,534 - model - INFO - Step 12/100 - Loss: 21948.4199
2025-06-05 14:12:52,043 - model - INFO - Step 13/100 - Loss: 21465.7188
2025-06-05 14:12:52,548 - model - INFO - Step 14/100 - Loss: 20976.3477
2025-06-05 14:12:53,064 - model - INFO - Step 15/100 - Loss: 20482.6816
2025-06-05 14:12:53,580 - model - INFO - Step 16/100 - Loss: 19987.9277
2025-06-05 14:12:54,089 - model - INFO - Step 17/100 - Loss: 19494.9219
2025-06-05 14:12:54,611 - model - INFO - Step 18/100 - Loss: 19009.1465
2025-06-05 14:12:55,131 - model - INFO - Step 19/100 - Loss: 18538.3359
2025-06-05 14:12:55,654 - model - INFO - Step 20/100 - Loss: 18080.6777
2025-06-05 14:12:56,189 - model - INFO - Step 21/100 - Loss: 17637.1719
2025-06-05 14:12:56,709 - model - INFO - Step 22/100 - Loss: 17209.4531
2025-06-05 14:12:57,230 - model - INFO - Step 23/100 - Loss: 16796.9121
2025-06-05 14:12:57,754 - model - INFO - Step 24/100 - Loss: 16400.5195
2025-06-05 14:12:58,275 - model - INFO - Step 25/100 - Loss: 16020.0127
2025-06-05 14:12:58,797 - model - INFO - Step 26/100 - Loss: 15654.2979
2025-06-05 14:12:59,308 - model - INFO - Step 27/100 - Loss: 15303.4268
2025-06-05 14:12:59,830 - model - INFO - Step 28/100 - Loss: 14966.6572
2025-06-05 14:13:00,356 - model - INFO - Step 29/100 - Loss: 14643.7246
2025-06-05 14:13:00,881 - model - INFO - Step 30/100 - Loss: 14334.2451
2025-06-05 14:13:01,396 - model - INFO - Step 31/100 - Loss: 14037.7344
2025-06-05 14:13:01,929 - model - INFO - Step 32/100 - Loss: 13753.8301
2025-06-05 14:13:02,450 - model - INFO - Step 33/100 - Loss: 13482.0850
2025-06-05 14:13:02,958 - model - INFO - Step 34/100 - Loss: 13222.0010
2025-06-05 14:13:03,476 - model - INFO - Step 35/100 - Loss: 12972.2041
2025-06-05 14:13:03,999 - model - INFO - Step 36/100 - Loss: 12731.9316
2025-06-05 14:13:04,517 - model - INFO - Step 37/100 - Loss: 12501.0791
2025-06-05 14:13:05,037 - model - INFO - Step 38/100 - Loss: 12278.9814
2025-06-05 14:13:05,553 - model - INFO - Step 39/100 - Loss: 12065.1484
2025-06-05 14:13:06,072 - model - INFO - Step 40/100 - Loss: 11859.5645
2025-06-05 14:13:06,596 - model - INFO - Step 41/100 - Loss: 11661.4512
2025-06-05 14:13:07,132 - model - INFO - Step 42/100 - Loss: 11470.3809
2025-06-05 14:13:07,650 - model - INFO - Step 43/100 - Loss: 11285.9941
2025-06-05 14:13:08,165 - model - INFO - Step 44/100 - Loss: 11108.3408
2025-06-05 14:13:08,681 - model - INFO - Step 45/100 - Loss: 10937.2646
2025-06-05 14:13:09,201 - model - INFO - Step 46/100 - Loss: 10772.1387
2025-06-05 14:13:09,720 - model - INFO - Step 47/100 - Loss: 10612.8262
2025-06-05 14:13:10,373 - model - INFO - Step 48/100 - Loss: 10458.9561
2025-06-05 14:13:10,915 - model - INFO - Step 49/100 - Loss: 10310.2832
2025-06-05 14:13:11,443 - model - INFO - Step 50/100 - Loss: 10166.6719
2025-06-05 14:13:11,954 - model - INFO - Step 51/100 - Loss: 10027.5918
2025-06-05 14:13:12,475 - model - INFO - Step 52/100 - Loss: 9893.1045
2025-06-05 14:13:12,990 - model - INFO - Step 53/100 - Loss: 9762.9150
2025-06-05 14:13:13,519 - model - INFO - Step 54/100 - Loss: 9636.9922
2025-06-05 14:13:14,078 - model - INFO - Step 55/100 - Loss: 9515.1230
2025-06-05 14:13:14,603 - model - INFO - Step 56/100 - Loss: 9397.2881
2025-06-05 14:13:15,130 - model - INFO - Step 57/100 - Loss: 9283.3623
2025-06-05 14:13:15,649 - model - INFO - Step 58/100 - Loss: 9173.0537
2025-06-05 14:13:16,169 - model - INFO - Step 59/100 - Loss: 9066.1543
2025-06-05 14:13:16,695 - model - INFO - Step 60/100 - Loss: 8962.4590
2025-06-05 14:13:17,224 - model - INFO - Step 61/100 - Loss: 8861.8750
2025-06-05 14:13:17,755 - model - INFO - Step 62/100 - Loss: 8764.3975
2025-06-05 14:13:18,298 - model - INFO - Step 63/100 - Loss: 8669.7227
2025-06-05 14:13:18,811 - model - INFO - Step 64/100 - Loss: 8577.6797
2025-06-05 14:13:19,331 - model - INFO - Step 65/100 - Loss: 8488.1367
2025-06-05 14:13:19,833 - model - INFO - Step 66/100 - Loss: 8400.9736
2025-06-05 14:13:20,339 - model - INFO - Step 67/100 - Loss: 8316.1777
2025-06-05 14:13:20,846 - model - INFO - Step 68/100 - Loss: 8233.7031
2025-06-05 14:13:21,355 - model - INFO - Step 69/100 - Loss: 8153.3511
2025-06-05 14:13:21,946 - model - INFO - Step 70/100 - Loss: 8075.1704
2025-06-05 14:13:22,455 - model - INFO - Step 71/100 - Loss: 7998.9780
2025-06-05 14:13:22,959 - model - INFO - Step 72/100 - Loss: 7924.9771
2025-06-05 14:13:23,475 - model - INFO - Step 73/100 - Loss: 7853.0308
2025-06-05 14:13:23,991 - model - INFO - Step 74/100 - Loss: 7782.9946
2025-06-05 14:13:24,511 - model - INFO - Step 75/100 - Loss: 7714.7539
2025-06-05 14:13:25,023 - model - INFO - Step 76/100 - Loss: 7648.3115
2025-06-05 14:13:25,536 - model - INFO - Step 77/100 - Loss: 7583.6602
2025-06-05 14:13:26,063 - model - INFO - Step 78/100 - Loss: 7520.7583
2025-06-05 14:13:26,587 - model - INFO - Step 79/100 - Loss: 7459.5010
2025-06-05 14:13:27,107 - model - INFO - Step 80/100 - Loss: 7399.8125
2025-06-05 14:13:27,642 - model - INFO - Step 81/100 - Loss: 7341.6841
2025-06-05 14:13:28,194 - model - INFO - Step 82/100 - Loss: 7285.0190
2025-06-05 14:13:28,720 - model - INFO - Step 83/100 - Loss: 7229.7070
2025-06-05 14:13:29,236 - model - INFO - Step 84/100 - Loss: 7175.7080
2025-06-05 14:13:29,763 - model - INFO - Step 85/100 - Loss: 7123.0498
2025-06-05 14:13:30,309 - model - INFO - Step 86/100 - Loss: 7071.6484
2025-06-05 14:13:30,853 - model - INFO - Step 87/100 - Loss: 7021.4253
2025-06-05 14:13:31,399 - model - INFO - Step 88/100 - Loss: 6972.3179
2025-06-05 14:13:31,922 - model - INFO - Step 89/100 - Loss: 6924.3750
2025-06-05 14:13:32,435 - model - INFO - Step 90/100 - Loss: 6877.5591
2025-06-05 14:13:32,974 - model - INFO - Step 91/100 - Loss: 6831.8086
2025-06-05 14:13:33,523 - model - INFO - Step 92/100 - Loss: 6787.0977
2025-06-05 14:13:34,059 - model - INFO - Step 93/100 - Loss: 6743.3301
2025-06-05 14:13:34,598 - model - INFO - Step 94/100 - Loss: 6700.4258
2025-06-05 14:13:35,147 - model - INFO - Step 95/100 - Loss: 6658.3877
2025-06-05 14:13:35,683 - model - INFO - Step 96/100 - Loss: 6617.2021
2025-06-05 14:13:36,198 - model - INFO - Step 97/100 - Loss: 6576.7710
2025-06-05 14:13:36,720 - model - INFO - Step 98/100 - Loss: 6537.1304
2025-06-05 14:13:37,259 - model - INFO - Step 99/100 - Loss: 6498.2822
2025-06-05 14:13:37,786 - model - INFO - Step 100/100 - Loss: 6460.1855
2025-06-05 14:13:37,827 - model - INFO - Style transfer completed successfully
2025-06-05 14:13:37,878 - root - INFO - Transfer marked as complete for client client_1749112963397
2025-06-05 14:13:37,891 - root - INFO - WebSocket disconnected normally for client client_1749112963397
2025-06-05 14:13:37,891 - root - INFO - Transfer completed, closing WebSocket for client client_1749112963397
2025-06-05 14:13:37,891 - root - INFO - WebSocket connection closed for client client_1749112963397. Active connections: 0
2025-06-05 14:19:08,363 - root - INFO - Attempting to establish WebSocket connection for client client_1749113348361
2025-06-05 14:19:08,370 - root - INFO - WebSocket connection established for client client_1749113348361. Active connections: 1
2025-06-05 14:19:08,373 - root - INFO - Starting style transfer process for user: shagun@gmail.com
2025-06-05 14:19:08,377 - model - INFO - Starting style transfer process
2025-06-05 14:19:08,377 - model - INFO - Content image: uploads\shagun@gmail.com\content_20250605_141908_content.jpg
2025-06-05 14:19:08,379 - model - INFO - Style image: uploads\shagun@gmail.com\style_20250605_141908_style.jpg
2025-06-05 14:19:08,379 - model - INFO - Number of steps: 500
2025-06-05 14:19:08,429 - model - INFO - Loaded image from file: uploads\shagun@gmail.com\content_20250605_141908_content.jpg
2025-06-05 14:19:08,555 - model - INFO - Loaded image from file: uploads\shagun@gmail.com\style_20250605_141908_style.jpg
2025-06-05 14:19:09,451 - model - INFO - Step 1/500 - Loss: 113230.8906
2025-06-05 14:19:09,762 - model - INFO - Step 2/500 - Loss: 46857.3164
2025-06-05 14:19:10,070 - model - INFO - Step 3/500 - Loss: 46651.6250
2025-06-05 14:19:10,345 - model - INFO - Step 4/500 - Loss: 46390.0469
2025-06-05 14:19:10,615 - model - INFO - Step 5/500 - Loss: 46086.6094
2025-06-05 14:19:10,919 - model - INFO - Step 6/500 - Loss: 45755.3242
2025-06-05 14:19:11,177 - model - INFO - Step 7/500 - Loss: 45397.0078
2025-06-05 14:19:11,458 - model - INFO - Step 8/500 - Loss: 45023.3047
2025-06-05 14:19:11,753 - model - INFO - Step 9/500 - Loss: 44645.5664
2025-06-05 14:19:12,022 - model - INFO - Step 10/500 - Loss: 44278.6055
2025-06-05 14:19:12,316 - model - INFO - Step 11/500 - Loss: 43926.3242
2025-06-05 14:19:12,594 - model - INFO - Step 12/500 - Loss: 43596.3477
2025-06-05 14:19:12,882 - model - INFO - Step 13/500 - Loss: 43288.7344
2025-06-05 14:19:13,179 - model - INFO - Step 14/500 - Loss: 42999.3867
2025-06-05 14:19:13,439 - model - INFO - Step 15/500 - Loss: 42725.5078
2025-06-05 14:19:13,714 - model - INFO - Step 16/500 - Loss: 42464.0898
2025-06-05 14:19:14,002 - model - INFO - Step 17/500 - Loss: 42213.6875
2025-06-05 14:19:14,294 - model - INFO - Step 18/500 - Loss: 41971.5742
2025-06-05 14:19:14,591 - model - INFO - Step 19/500 - Loss: 41736.5039
2025-06-05 14:19:14,865 - model - INFO - Step 20/500 - Loss: 41506.1602
2025-06-05 14:19:15,156 - model - INFO - Step 21/500 - Loss: 41280.0352
2025-06-05 14:19:15,434 - model - INFO - Step 22/500 - Loss: 41057.3438
2025-06-05 14:19:15,706 - model - INFO - Step 23/500 - Loss: 40836.7539
2025-06-05 14:19:15,998 - model - INFO - Step 24/500 - Loss: 40617.5156
2025-06-05 14:19:16,244 - model - INFO - Step 25/500 - Loss: 40398.8594
2025-06-05 14:19:16,502 - model - INFO - Step 26/500 - Loss: 40180.4219
2025-06-05 14:19:16,793 - model - INFO - Step 27/500 - Loss: 39961.8828
2025-06-05 14:19:17,109 - model - INFO - Step 28/500 - Loss: 39742.7617
2025-06-05 14:19:17,370 - model - INFO - Step 29/500 - Loss: 39522.9883
2025-06-05 14:19:17,620 - model - INFO - Step 30/500 - Loss: 39302.5117
2025-06-05 14:19:17,861 - model - INFO - Step 31/500 - Loss: 39081.1875
2025-06-05 14:19:18,119 - model - INFO - Step 32/500 - Loss: 38858.2930
2025-06-05 14:19:18,425 - model - INFO - Step 33/500 - Loss: 38633.9336
2025-06-05 14:19:18,700 - model - INFO - Step 34/500 - Loss: 38408.5117
2025-06-05 14:19:18,987 - model - INFO - Step 35/500 - Loss: 38182.2656
2025-06-05 14:19:19,266 - model - INFO - Step 36/500 - Loss: 37955.0508
2025-06-05 14:19:19,555 - model - INFO - Step 37/500 - Loss: 37727.3828
2025-06-05 14:19:19,839 - model - INFO - Step 38/500 - Loss: 37499.2891
2025-06-05 14:19:20,113 - model - INFO - Step 39/500 - Loss: 37270.4961
2025-06-05 14:19:20,363 - model - INFO - Step 40/500 - Loss: 37041.7188
2025-06-05 14:19:20,629 - model - INFO - Step 41/500 - Loss: 36813.5039
2025-06-05 14:19:20,907 - model - INFO - Step 42/500 - Loss: 36585.4883
2025-06-05 14:19:21,168 - model - INFO - Step 43/500 - Loss: 36358.1172
2025-06-05 14:19:21,439 - model - INFO - Step 44/500 - Loss: 36131.6133
2025-06-05 14:19:21,788 - model - INFO - Step 45/500 - Loss: 35905.8008
2025-06-05 14:19:22,104 - model - INFO - Step 46/500 - Loss: 35680.8242
2025-06-05 14:19:22,397 - model - INFO - Step 47/500 - Loss: 35456.7031
2025-06-05 14:19:22,721 - model - INFO - Step 48/500 - Loss: 35233.9609
2025-06-05 14:19:22,992 - model - INFO - Step 49/500 - Loss: 35012.8984
2025-06-05 14:19:23,276 - model - INFO - Step 50/500 - Loss: 34793.5781
2025-06-05 14:19:23,571 - model - INFO - Step 51/500 - Loss: 34576.1211
2025-06-05 14:19:23,828 - model - INFO - Step 52/500 - Loss: 34360.5547
2025-06-05 14:19:24,089 - model - INFO - Step 53/500 - Loss: 34146.8516
2025-06-05 14:19:24,373 - model - INFO - Step 54/500 - Loss: 33934.6250
2025-06-05 14:19:24,657 - model - INFO - Step 55/500 - Loss: 33723.9180
2025-06-05 14:19:24,936 - model - INFO - Step 56/500 - Loss: 33515.1758
2025-06-05 14:19:25,202 - model - INFO - Step 57/500 - Loss: 33308.6914
2025-06-05 14:19:25,468 - model - INFO - Step 58/500 - Loss: 33104.2930
2025-06-05 14:19:25,747 - model - INFO - Step 59/500 - Loss: 32902.1328
2025-06-05 14:19:26,052 - model - INFO - Step 60/500 - Loss: 32702.3457
2025-06-05 14:19:26,369 - model - INFO - Step 61/500 - Loss: 32504.9512
2025-06-05 14:19:26,700 - model - INFO - Step 62/500 - Loss: 32310.0879
2025-06-05 14:19:27,070 - model - INFO - Step 63/500 - Loss: 32117.8965
2025-06-05 14:19:27,390 - model - INFO - Step 64/500 - Loss: 31928.1523
2025-06-05 14:19:27,687 - model - INFO - Step 65/500 - Loss: 31740.7754
2025-06-05 14:19:27,970 - model - INFO - Step 66/500 - Loss: 31555.9844
2025-06-05 14:19:28,268 - model - INFO - Step 67/500 - Loss: 31373.7656
2025-06-05 14:19:28,545 - model - INFO - Step 68/500 - Loss: 31194.3008
2025-06-05 14:19:28,820 - model - INFO - Step 69/500 - Loss: 31017.6719
2025-06-05 14:19:29,103 - model - INFO - Step 70/500 - Loss: 30843.6934
2025-06-05 14:19:29,394 - model - INFO - Step 71/500 - Loss: 30672.4277
2025-06-05 14:19:29,664 - model - INFO - Step 72/500 - Loss: 30504.1445
2025-06-05 14:19:29,941 - model - INFO - Step 73/500 - Loss: 30338.5352
2025-06-05 14:19:30,190 - model - INFO - Step 74/500 - Loss: 30175.5566
2025-06-05 14:19:30,455 - model - INFO - Step 75/500 - Loss: 30015.1035
2025-06-05 14:19:30,755 - model - INFO - Step 76/500 - Loss: 29857.5371
2025-06-05 14:19:31,035 - model - INFO - Step 77/500 - Loss: 29702.6445
2025-06-05 14:19:31,310 - model - INFO - Step 78/500 - Loss: 29550.3125
2025-06-05 14:19:31,624 - model - INFO - Step 79/500 - Loss: 29400.6797
2025-06-05 14:19:31,935 - model - INFO - Step 80/500 - Loss: 29253.5332
2025-06-05 14:19:32,244 - model - INFO - Step 81/500 - Loss: 29108.9570
2025-06-05 14:19:32,556 - model - INFO - Step 82/500 - Loss: 28966.7793
2025-06-05 14:19:32,865 - model - INFO - Step 83/500 - Loss: 28826.9297
2025-06-05 14:19:33,204 - model - INFO - Step 84/500 - Loss: 28689.3359
2025-06-05 14:19:33,555 - model - INFO - Step 85/500 - Loss: 28553.8730
2025-06-05 14:19:33,885 - model - INFO - Step 86/500 - Loss: 28420.3711
2025-06-05 14:19:34,225 - model - INFO - Step 87/500 - Loss: 28289.0430
2025-06-05 14:19:34,552 - model - INFO - Step 88/500 - Loss: 28159.9453
2025-06-05 14:19:34,893 - model - INFO - Step 89/500 - Loss: 28032.8594
2025-06-05 14:19:35,320 - model - INFO - Step 90/500 - Loss: 27907.7480
2025-06-05 14:19:35,700 - model - INFO - Step 91/500 - Loss: 27784.5117
2025-06-05 14:19:36,060 - model - INFO - Step 92/500 - Loss: 27663.1406
2025-06-05 14:19:36,413 - model - INFO - Step 93/500 - Loss: 27543.4902
2025-06-05 14:19:36,758 - model - INFO - Step 94/500 - Loss: 27425.6250
2025-06-05 14:19:37,086 - model - INFO - Step 95/500 - Loss: 27309.4902
2025-06-05 14:19:37,454 - model - INFO - Step 96/500 - Loss: 27195.0059
2025-06-05 14:19:37,809 - model - INFO - Step 97/500 - Loss: 27082.1172
2025-06-05 14:19:38,167 - model - INFO - Step 98/500 - Loss: 26970.7793
2025-06-05 14:19:38,513 - model - INFO - Step 99/500 - Loss: 26861.0938
2025-06-05 14:19:38,855 - model - INFO - Step 100/500 - Loss: 26752.9004
2025-06-05 14:19:39,202 - model - INFO - Step 101/500 - Loss: 26646.1367
2025-06-05 14:19:39,550 - model - INFO - Step 102/500 - Loss: 26540.8691
2025-06-05 14:19:39,898 - model - INFO - Step 103/500 - Loss: 26436.8379
2025-06-05 14:19:40,242 - model - INFO - Step 104/500 - Loss: 26333.9570
2025-06-05 14:19:40,620 - model - INFO - Step 105/500 - Loss: 26232.3984
2025-06-05 14:19:41,074 - model - INFO - Step 106/500 - Loss: 26132.2168
2025-06-05 14:19:41,466 - model - INFO - Step 107/500 - Loss: 26033.3613
2025-06-05 14:19:41,833 - model - INFO - Step 108/500 - Loss: 25935.7148
2025-06-05 14:19:42,230 - model - INFO - Step 109/500 - Loss: 25839.1973
2025-06-05 14:19:42,604 - model - INFO - Step 110/500 - Loss: 25743.8301
2025-06-05 14:19:42,964 - model - INFO - Step 111/500 - Loss: 25649.6055
2025-06-05 14:19:43,330 - model - INFO - Step 112/500 - Loss: 25556.4648
2025-06-05 14:19:43,702 - model - INFO - Step 113/500 - Loss: 25464.2676
2025-06-05 14:19:44,054 - model - INFO - Step 114/500 - Loss: 25373.1523
2025-06-05 14:19:44,443 - model - INFO - Step 115/500 - Loss: 25283.0469
2025-06-05 14:19:44,792 - model - INFO - Step 116/500 - Loss: 25194.0781
2025-06-05 14:19:45,135 - model - INFO - Step 117/500 - Loss: 25106.0605
2025-06-05 14:19:45,483 - model - INFO - Step 118/500 - Loss: 25018.9785
2025-06-05 14:19:45,826 - model - INFO - Step 119/500 - Loss: 24932.7441
2025-06-05 14:19:46,176 - model - INFO - Step 120/500 - Loss: 24847.3418
2025-06-05 14:19:46,526 - model - INFO - Step 121/500 - Loss: 24762.7324
2025-06-05 14:19:46,868 - model - INFO - Step 122/500 - Loss: 24678.9941
2025-06-05 14:19:47,224 - model - INFO - Step 123/500 - Loss: 24596.1035
2025-06-05 14:19:47,577 - model - INFO - Step 124/500 - Loss: 24514.0254
2025-06-05 14:19:47,925 - model - INFO - Step 125/500 - Loss: 24432.7676
2025-06-05 14:19:48,261 - model - INFO - Step 126/500 - Loss: 24352.2246
2025-06-05 14:19:48,618 - model - INFO - Step 127/500 - Loss: 24272.5039
2025-06-05 14:19:49,020 - model - INFO - Step 128/500 - Loss: 24193.5254
2025-06-05 14:19:49,385 - model - INFO - Step 129/500 - Loss: 24115.3086
2025-06-05 14:19:49,735 - model - INFO - Step 130/500 - Loss: 24037.8203
2025-06-05 14:19:50,085 - model - INFO - Step 131/500 - Loss: 23961.1523
2025-06-05 14:19:50,429 - model - INFO - Step 132/500 - Loss: 23885.2871
2025-06-05 14:19:50,777 - model - INFO - Step 133/500 - Loss: 23809.9941
2025-06-05 14:19:51,117 - model - INFO - Step 134/500 - Loss: 23735.2949
2025-06-05 14:19:51,458 - model - INFO - Step 135/500 - Loss: 23661.2754
2025-06-05 14:19:51,797 - model - INFO - Step 136/500 - Loss: 23587.9570
2025-06-05 14:19:52,133 - model - INFO - Step 137/500 - Loss: 23515.2949
2025-06-05 14:19:52,457 - model - INFO - Step 138/500 - Loss: 23443.2930
2025-06-05 14:19:52,782 - model - INFO - Step 139/500 - Loss: 23371.9062
2025-06-05 14:19:53,107 - model - INFO - Step 140/500 - Loss: 23301.1523
2025-06-05 14:19:53,446 - model - INFO - Step 141/500 - Loss: 23231.1328
2025-06-05 14:19:53,784 - model - INFO - Step 142/500 - Loss: 23161.8008
2025-06-05 14:19:54,113 - model - INFO - Step 143/500 - Loss: 23093.0918
2025-06-05 14:19:54,445 - model - INFO - Step 144/500 - Loss: 23025.0371
2025-06-05 14:19:54,778 - model - INFO - Step 145/500 - Loss: 22957.5547
2025-06-05 14:19:55,114 - model - INFO - Step 146/500 - Loss: 22890.6035
2025-06-05 14:19:55,451 - model - INFO - Step 147/500 - Loss: 22824.2480
2025-06-05 14:19:55,796 - model - INFO - Step 148/500 - Loss: 22758.4082
2025-06-05 14:19:56,137 - model - INFO - Step 149/500 - Loss: 22693.1465
2025-06-05 14:19:56,469 - model - INFO - Step 150/500 - Loss: 22628.4980
2025-06-05 14:19:56,800 - model - INFO - Step 151/500 - Loss: 22564.3613
2025-06-05 14:19:57,117 - model - INFO - Step 152/500 - Loss: 22500.7383
2025-06-05 14:19:57,448 - model - INFO - Step 153/500 - Loss: 22437.5938
2025-06-05 14:19:57,775 - model - INFO - Step 154/500 - Loss: 22374.9512
2025-06-05 14:19:58,104 - model - INFO - Step 155/500 - Loss: 22312.8770
2025-06-05 14:19:58,440 - model - INFO - Step 156/500 - Loss: 22251.2168
2025-06-05 14:19:58,776 - model - INFO - Step 157/500 - Loss: 22189.9922
2025-06-05 14:19:59,122 - model - INFO - Step 158/500 - Loss: 22129.2734
2025-06-05 14:19:59,509 - model - INFO - Step 159/500 - Loss: 22069.0566
2025-06-05 14:19:59,847 - model - INFO - Step 160/500 - Loss: 22009.4102
2025-06-05 14:20:00,197 - model - INFO - Step 161/500 - Loss: 21950.2148
2025-06-05 14:20:00,540 - model - INFO - Step 162/500 - Loss: 21891.4844
2025-06-05 14:20:00,875 - model - INFO - Step 163/500 - Loss: 21833.2227
2025-06-05 14:20:01,212 - model - INFO - Step 164/500 - Loss: 21775.5039
2025-06-05 14:20:01,552 - model - INFO - Step 165/500 - Loss: 21718.2715
2025-06-05 14:20:01,891 - model - INFO - Step 166/500 - Loss: 21661.5000
2025-06-05 14:20:02,230 - model - INFO - Step 167/500 - Loss: 21605.1133
2025-06-05 14:20:02,571 - model - INFO - Step 168/500 - Loss: 21549.1035
2025-06-05 14:20:02,914 - model - INFO - Step 169/500 - Loss: 21493.4727
2025-06-05 14:20:03,247 - model - INFO - Step 170/500 - Loss: 21438.2266
2025-06-05 14:20:03,575 - model - INFO - Step 171/500 - Loss: 21383.3867
2025-06-05 14:20:03,907 - model - INFO - Step 172/500 - Loss: 21328.9648
2025-06-05 14:20:04,230 - model - INFO - Step 173/500 - Loss: 21274.9707
2025-06-05 14:20:04,533 - model - INFO - Step 174/500 - Loss: 21221.4707
2025-06-05 14:20:04,806 - model - INFO - Step 175/500 - Loss: 21168.4355
2025-06-05 14:20:05,088 - model - INFO - Step 176/500 - Loss: 21115.7559
2025-06-05 14:20:05,361 - model - INFO - Step 177/500 - Loss: 21063.4004
2025-06-05 14:20:05,639 - model - INFO - Step 178/500 - Loss: 21011.3750
2025-06-05 14:20:05,991 - model - INFO - Step 179/500 - Loss: 20959.7051
2025-06-05 14:20:06,347 - model - INFO - Step 180/500 - Loss: 20908.3301
2025-06-05 14:20:06,682 - model - INFO - Step 181/500 - Loss: 20857.2266
2025-06-05 14:20:06,971 - model - INFO - Step 182/500 - Loss: 20806.4863
2025-06-05 14:20:07,316 - model - INFO - Step 183/500 - Loss: 20756.0781
2025-06-05 14:20:07,694 - model - INFO - Step 184/500 - Loss: 20705.9727
2025-06-05 14:20:08,024 - model - INFO - Step 185/500 - Loss: 20656.1504
2025-06-05 14:20:08,340 - model - INFO - Step 186/500 - Loss: 20606.6797
2025-06-05 14:20:08,644 - model - INFO - Step 187/500 - Loss: 20557.5176
2025-06-05 14:20:08,979 - model - INFO - Step 188/500 - Loss: 20508.5938
2025-06-05 14:20:09,298 - model - INFO - Step 189/500 - Loss: 20459.9453
2025-06-05 14:20:09,609 - model - INFO - Step 190/500 - Loss: 20411.6074
2025-06-05 14:20:09,933 - model - INFO - Step 191/500 - Loss: 20363.5723
2025-06-05 14:20:10,259 - model - INFO - Step 192/500 - Loss: 20315.7832
2025-06-05 14:20:10,552 - model - INFO - Step 193/500 - Loss: 20268.2168
2025-06-05 14:20:10,866 - model - INFO - Step 194/500 - Loss: 20220.8672
2025-06-05 14:20:11,162 - model - INFO - Step 195/500 - Loss: 20173.8457
2025-06-05 14:20:11,449 - model - INFO - Step 196/500 - Loss: 20127.1855
2025-06-05 14:20:11,781 - model - INFO - Step 197/500 - Loss: 20080.8301
2025-06-05 14:20:12,113 - model - INFO - Step 198/500 - Loss: 20034.7988
2025-06-05 14:20:12,389 - model - INFO - Step 199/500 - Loss: 19989.0312
2025-06-05 14:20:12,726 - model - INFO - Step 200/500 - Loss: 19943.5957
2025-06-05 14:20:13,018 - model - INFO - Step 201/500 - Loss: 19898.5098
2025-06-05 14:20:13,345 - model - INFO - Step 202/500 - Loss: 19853.6855
2025-06-05 14:20:13,651 - model - INFO - Step 203/500 - Loss: 19809.1426
2025-06-05 14:20:13,952 - model - INFO - Step 204/500 - Loss: 19764.8633
2025-06-05 14:20:14,235 - model - INFO - Step 205/500 - Loss: 19720.8691
2025-06-05 14:20:14,536 - model - INFO - Step 206/500 - Loss: 19677.1504
2025-06-05 14:20:14,808 - model - INFO - Step 207/500 - Loss: 19633.7344
2025-06-05 14:20:15,092 - model - INFO - Step 208/500 - Loss: 19590.5527
2025-06-05 14:20:15,397 - model - INFO - Step 209/500 - Loss: 19547.5645
2025-06-05 14:20:15,668 - model - INFO - Step 210/500 - Loss: 19504.8438
2025-06-05 14:20:15,939 - model - INFO - Step 211/500 - Loss: 19462.3574
2025-06-05 14:20:16,224 - model - INFO - Step 212/500 - Loss: 19420.1367
2025-06-05 14:20:16,518 - model - INFO - Step 213/500 - Loss: 19378.1895
2025-06-05 14:20:16,771 - model - INFO - Step 214/500 - Loss: 19336.5312
2025-06-05 14:20:17,052 - model - INFO - Step 215/500 - Loss: 19295.0645
2025-06-05 14:20:17,382 - model - INFO - Step 216/500 - Loss: 19253.8398
2025-06-05 14:20:17,673 - model - INFO - Step 217/500 - Loss: 19212.8828
2025-06-05 14:20:18,011 - model - INFO - Step 218/500 - Loss: 19172.2090
2025-06-05 14:20:18,284 - model - INFO - Step 219/500 - Loss: 19131.7559
2025-06-05 14:20:18,605 - model - INFO - Step 220/500 - Loss: 19091.5117
2025-06-05 14:20:18,913 - model - INFO - Step 221/500 - Loss: 19051.4785
2025-06-05 14:20:19,176 - model - INFO - Step 222/500 - Loss: 19011.6758
2025-06-05 14:20:19,463 - model - INFO - Step 223/500 - Loss: 18972.1289
2025-06-05 14:20:19,770 - model - INFO - Step 224/500 - Loss: 18932.8398
2025-06-05 14:20:20,110 - model - INFO - Step 225/500 - Loss: 18893.7227
2025-06-05 14:20:20,401 - model - INFO - Step 226/500 - Loss: 18854.8633
2025-06-05 14:20:20,741 - model - INFO - Step 227/500 - Loss: 18816.2383
2025-06-05 14:20:21,035 - model - INFO - Step 228/500 - Loss: 18777.8223
2025-06-05 14:20:21,309 - model - INFO - Step 229/500 - Loss: 18739.6270
2025-06-05 14:20:21,607 - model - INFO - Step 230/500 - Loss: 18701.6250
2025-06-05 14:20:21,924 - model - INFO - Step 231/500 - Loss: 18663.8066
2025-06-05 14:20:22,255 - model - INFO - Step 232/500 - Loss: 18626.1777
2025-06-05 14:20:22,523 - model - INFO - Step 233/500 - Loss: 18588.7480
2025-06-05 14:20:22,810 - model - INFO - Step 234/500 - Loss: 18551.5410
2025-06-05 14:20:23,167 - model - INFO - Step 235/500 - Loss: 18514.5195
2025-06-05 14:20:23,474 - model - INFO - Step 236/500 - Loss: 18477.6797
2025-06-05 14:20:23,779 - model - INFO - Step 237/500 - Loss: 18441.0117
2025-06-05 14:20:24,070 - model - INFO - Step 238/500 - Loss: 18404.5469
2025-06-05 14:20:24,359 - model - INFO - Step 239/500 - Loss: 18368.2227
2025-06-05 14:20:24,640 - model - INFO - Step 240/500 - Loss: 18332.0859
2025-06-05 14:20:24,905 - model - INFO - Step 241/500 - Loss: 18296.0977
2025-06-05 14:20:25,166 - model - INFO - Step 242/500 - Loss: 18260.2988
2025-06-05 14:20:25,468 - model - INFO - Step 243/500 - Loss: 18224.6777
2025-06-05 14:20:25,734 - model - INFO - Step 244/500 - Loss: 18189.2480
2025-06-05 14:20:26,017 - model - INFO - Step 245/500 - Loss: 18153.9902
2025-06-05 14:20:26,287 - model - INFO - Step 246/500 - Loss: 18118.8672
2025-06-05 14:20:26,569 - model - INFO - Step 247/500 - Loss: 18083.8633
2025-06-05 14:20:26,853 - model - INFO - Step 248/500 - Loss: 18049.0488
2025-06-05 14:20:27,143 - model - INFO - Step 249/500 - Loss: 18014.3887
2025-06-05 14:20:27,456 - model - INFO - Step 250/500 - Loss: 17979.9023
2025-06-05 14:20:27,724 - model - INFO - Step 251/500 - Loss: 17945.5410
2025-06-05 14:20:27,975 - model - INFO - Step 252/500 - Loss: 17911.3242
2025-06-05 14:20:28,235 - model - INFO - Step 253/500 - Loss: 17877.2461
2025-06-05 14:20:28,527 - model - INFO - Step 254/500 - Loss: 17843.3320
2025-06-05 14:20:28,785 - model - INFO - Step 255/500 - Loss: 17809.6074
2025-06-05 14:20:29,059 - model - INFO - Step 256/500 - Loss: 17776.0137
2025-06-05 14:20:29,374 - model - INFO - Step 257/500 - Loss: 17742.6055
2025-06-05 14:20:29,712 - model - INFO - Step 258/500 - Loss: 17709.3984
2025-06-05 14:20:30,041 - model - INFO - Step 259/500 - Loss: 17676.3281
2025-06-05 14:20:30,388 - model - INFO - Step 260/500 - Loss: 17643.4531
2025-06-05 14:20:30,724 - model - INFO - Step 261/500 - Loss: 17610.7734
2025-06-05 14:20:31,056 - model - INFO - Step 262/500 - Loss: 17578.2539
2025-06-05 14:20:31,385 - model - INFO - Step 263/500 - Loss: 17545.9082
2025-06-05 14:20:31,715 - model - INFO - Step 264/500 - Loss: 17513.6816
2025-06-05 14:20:32,058 - model - INFO - Step 265/500 - Loss: 17481.5898
2025-06-05 14:20:32,422 - model - INFO - Step 266/500 - Loss: 17449.6895
2025-06-05 14:20:32,756 - model - INFO - Step 267/500 - Loss: 17417.9473
2025-06-05 14:20:33,102 - model - INFO - Step 268/500 - Loss: 17386.3594
2025-06-05 14:20:33,440 - model - INFO - Step 269/500 - Loss: 17354.8926
2025-06-05 14:20:33,777 - model - INFO - Step 270/500 - Loss: 17323.5449
2025-06-05 14:20:34,109 - model - INFO - Step 271/500 - Loss: 17292.3066
2025-06-05 14:20:34,438 - model - INFO - Step 272/500 - Loss: 17261.2402
2025-06-05 14:20:34,782 - model - INFO - Step 273/500 - Loss: 17230.3184
2025-06-05 14:20:35,128 - model - INFO - Step 274/500 - Loss: 17199.6035
2025-06-05 14:20:35,469 - model - INFO - Step 275/500 - Loss: 17169.0840
2025-06-05 14:20:35,822 - model - INFO - Step 276/500 - Loss: 17138.7227
2025-06-05 14:20:36,177 - model - INFO - Step 277/500 - Loss: 17108.4902
2025-06-05 14:20:36,583 - model - INFO - Step 278/500 - Loss: 17078.3750
2025-06-05 14:20:36,952 - model - INFO - Step 279/500 - Loss: 17048.3965
2025-06-05 14:20:37,304 - model - INFO - Step 280/500 - Loss: 17018.5195
2025-06-05 14:20:37,649 - model - INFO - Step 281/500 - Loss: 16988.7930
2025-06-05 14:20:38,020 - model - INFO - Step 282/500 - Loss: 16959.2148
2025-06-05 14:20:38,375 - model - INFO - Step 283/500 - Loss: 16929.7539
2025-06-05 14:20:38,742 - model - INFO - Step 284/500 - Loss: 16900.4043
2025-06-05 14:20:39,111 - model - INFO - Step 285/500 - Loss: 16871.1191
2025-06-05 14:20:39,472 - model - INFO - Step 286/500 - Loss: 16841.9512
2025-06-05 14:20:39,825 - model - INFO - Step 287/500 - Loss: 16812.9121
2025-06-05 14:20:40,245 - model - INFO - Step 288/500 - Loss: 16784.0000
2025-06-05 14:20:40,608 - model - INFO - Step 289/500 - Loss: 16755.2539
2025-06-05 14:20:40,958 - model - INFO - Step 290/500 - Loss: 16726.6523
2025-06-05 14:20:41,294 - model - INFO - Step 291/500 - Loss: 16698.1875
2025-06-05 14:20:41,631 - model - INFO - Step 292/500 - Loss: 16669.8281
2025-06-05 14:20:41,973 - model - INFO - Step 293/500 - Loss: 16641.5996
2025-06-05 14:20:42,315 - model - INFO - Step 294/500 - Loss: 16613.5156
2025-06-05 14:20:42,658 - model - INFO - Step 295/500 - Loss: 16585.5371
2025-06-05 14:20:42,998 - model - INFO - Step 296/500 - Loss: 16557.6875
2025-06-05 14:20:43,331 - model - INFO - Step 297/500 - Loss: 16530.0020
2025-06-05 14:20:43,672 - model - INFO - Step 298/500 - Loss: 16502.4785
2025-06-05 14:20:43,997 - model - INFO - Step 299/500 - Loss: 16475.0508
2025-06-05 14:20:44,347 - model - INFO - Step 300/500 - Loss: 16447.7246
2025-06-05 14:20:44,750 - model - INFO - Step 301/500 - Loss: 16420.5176
2025-06-05 14:20:45,096 - model - INFO - Step 302/500 - Loss: 16393.3984
2025-06-05 14:20:45,441 - model - INFO - Step 303/500 - Loss: 16366.4092
2025-06-05 14:20:45,788 - model - INFO - Step 304/500 - Loss: 16339.5303
2025-06-05 14:20:46,137 - model - INFO - Step 305/500 - Loss: 16312.7510
2025-06-05 14:20:46,478 - model - INFO - Step 306/500 - Loss: 16286.0879
2025-06-05 14:20:46,819 - model - INFO - Step 307/500 - Loss: 16259.5449
2025-06-05 14:20:47,247 - model - INFO - Step 308/500 - Loss: 16233.1514
2025-06-05 14:20:47,576 - model - INFO - Step 309/500 - Loss: 16206.8965
2025-06-05 14:20:47,922 - model - INFO - Step 310/500 - Loss: 16180.7793
2025-06-05 14:20:48,258 - model - INFO - Step 311/500 - Loss: 16154.7676
2025-06-05 14:20:48,588 - model - INFO - Step 312/500 - Loss: 16128.8994
2025-06-05 14:20:48,939 - model - INFO - Step 313/500 - Loss: 16103.1514
2025-06-05 14:20:49,281 - model - INFO - Step 314/500 - Loss: 16077.5137
2025-06-05 14:20:49,609 - model - INFO - Step 315/500 - Loss: 16051.9629
2025-06-05 14:20:49,976 - model - INFO - Step 316/500 - Loss: 16026.4824
2025-06-05 14:20:50,314 - model - INFO - Step 317/500 - Loss: 16001.0879
2025-06-05 14:20:50,643 - model - INFO - Step 318/500 - Loss: 15975.7939
2025-06-05 14:20:50,995 - model - INFO - Step 319/500 - Loss: 15950.6104
2025-06-05 14:20:51,322 - model - INFO - Step 320/500 - Loss: 15925.5283
2025-06-05 14:20:51,650 - model - INFO - Step 321/500 - Loss: 15900.5430
2025-06-05 14:20:51,992 - model - INFO - Step 322/500 - Loss: 15875.6699
2025-06-05 14:20:52,331 - model - INFO - Step 323/500 - Loss: 15850.9248
2025-06-05 14:20:52,677 - model - INFO - Step 324/500 - Loss: 15826.2686
2025-06-05 14:20:53,021 - model - INFO - Step 325/500 - Loss: 15801.7080
2025-06-05 14:20:53,354 - model - INFO - Step 326/500 - Loss: 15777.2412
2025-06-05 14:20:53,697 - model - INFO - Step 327/500 - Loss: 15752.8945
2025-06-05 14:20:54,034 - model - INFO - Step 328/500 - Loss: 15728.6289
2025-06-05 14:20:54,375 - model - INFO - Step 329/500 - Loss: 15704.4844
2025-06-05 14:20:54,712 - model - INFO - Step 330/500 - Loss: 15680.4297
2025-06-05 14:20:55,056 - model - INFO - Step 331/500 - Loss: 15656.4434
2025-06-05 14:20:55,380 - model - INFO - Step 332/500 - Loss: 15632.5420
2025-06-05 14:20:55,719 - model - INFO - Step 333/500 - Loss: 15608.7373
2025-06-05 14:20:56,070 - model - INFO - Step 334/500 - Loss: 15585.0000
2025-06-05 14:20:56,408 - model - INFO - Step 335/500 - Loss: 15561.3408
2025-06-05 14:20:56,757 - model - INFO - Step 336/500 - Loss: 15537.7432
2025-06-05 14:20:57,109 - model - INFO - Step 337/500 - Loss: 15514.1953
2025-06-05 14:20:57,449 - model - INFO - Step 338/500 - Loss: 15490.6992
2025-06-05 14:20:57,794 - model - INFO - Step 339/500 - Loss: 15467.2783
2025-06-05 14:20:58,153 - model - INFO - Step 340/500 - Loss: 15443.9453
2025-06-05 14:20:58,519 - model - INFO - Step 341/500 - Loss: 15420.6729
2025-06-05 14:20:58,920 - model - INFO - Step 342/500 - Loss: 15397.4912
2025-06-05 14:20:59,285 - model - INFO - Step 343/500 - Loss: 15374.4121
2025-06-05 14:20:59,635 - model - INFO - Step 344/500 - Loss: 15351.3916
2025-06-05 14:20:59,979 - model - INFO - Step 345/500 - Loss: 15328.4668
2025-06-05 14:21:00,332 - model - INFO - Step 346/500 - Loss: 15305.6602
2025-06-05 14:21:00,676 - model - INFO - Step 347/500 - Loss: 15282.9365
2025-06-05 14:21:01,024 - model - INFO - Step 348/500 - Loss: 15260.2920
2025-06-05 14:21:01,382 - model - INFO - Step 349/500 - Loss: 15237.7256
2025-06-05 14:21:01,739 - model - INFO - Step 350/500 - Loss: 15215.2520
2025-06-05 14:21:02,078 - model - INFO - Step 351/500 - Loss: 15192.8232
2025-06-05 14:21:02,423 - model - INFO - Step 352/500 - Loss: 15170.4463
2025-06-05 14:21:02,839 - model - INFO - Step 353/500 - Loss: 15148.1592
2025-06-05 14:21:03,202 - model - INFO - Step 354/500 - Loss: 15125.9746
2025-06-05 14:21:03,562 - model - INFO - Step 355/500 - Loss: 15103.9102
2025-06-05 14:21:03,918 - model - INFO - Step 356/500 - Loss: 15081.9287
2025-06-05 14:21:04,351 - model - INFO - Step 357/500 - Loss: 15060.0332
2025-06-05 14:21:04,724 - model - INFO - Step 358/500 - Loss: 15038.2168
2025-06-05 14:21:05,096 - model - INFO - Step 359/500 - Loss: 15016.5156
2025-06-05 14:21:05,526 - model - INFO - Step 360/500 - Loss: 14994.8984
2025-06-05 14:21:05,892 - model - INFO - Step 361/500 - Loss: 14973.3408
2025-06-05 14:21:06,232 - model - INFO - Step 362/500 - Loss: 14951.8213
2025-06-05 14:21:06,570 - model - INFO - Step 363/500 - Loss: 14930.3438
2025-06-05 14:21:06,907 - model - INFO - Step 364/500 - Loss: 14908.9375
2025-06-05 14:21:07,242 - model - INFO - Step 365/500 - Loss: 14887.6064
2025-06-05 14:21:07,581 - model - INFO - Step 366/500 - Loss: 14866.3164
2025-06-05 14:21:07,903 - model - INFO - Step 367/500 - Loss: 14845.1123
2025-06-05 14:21:08,235 - model - INFO - Step 368/500 - Loss: 14823.9727
2025-06-05 14:21:08,569 - model - INFO - Step 369/500 - Loss: 14802.8984
2025-06-05 14:21:08,908 - model - INFO - Step 370/500 - Loss: 14781.8809
2025-06-05 14:21:09,247 - model - INFO - Step 371/500 - Loss: 14760.9043
2025-06-05 14:21:09,602 - model - INFO - Step 372/500 - Loss: 14739.9795
2025-06-05 14:21:09,941 - model - INFO - Step 373/500 - Loss: 14719.1182
2025-06-05 14:21:10,272 - model - INFO - Step 374/500 - Loss: 14698.3369
2025-06-05 14:21:10,601 - model - INFO - Step 375/500 - Loss: 14677.6162
2025-06-05 14:21:10,934 - model - INFO - Step 376/500 - Loss: 14656.9775
2025-06-05 14:21:11,290 - model - INFO - Step 377/500 - Loss: 14636.4150
2025-06-05 14:21:11,641 - model - INFO - Step 378/500 - Loss: 14615.9424
2025-06-05 14:21:11,971 - model - INFO - Step 379/500 - Loss: 14595.5088
2025-06-05 14:21:12,305 - model - INFO - Step 380/500 - Loss: 14575.1523
2025-06-05 14:21:12,650 - model - INFO - Step 381/500 - Loss: 14554.8672
2025-06-05 14:21:12,989 - model - INFO - Step 382/500 - Loss: 14534.6777
2025-06-05 14:21:13,326 - model - INFO - Step 383/500 - Loss: 14514.5498
2025-06-05 14:21:13,670 - model - INFO - Step 384/500 - Loss: 14494.4775
2025-06-05 14:21:14,015 - model - INFO - Step 385/500 - Loss: 14474.4688
2025-06-05 14:21:14,350 - model - INFO - Step 386/500 - Loss: 14454.5088
2025-06-05 14:21:14,688 - model - INFO - Step 387/500 - Loss: 14434.5908
2025-06-05 14:21:15,033 - model - INFO - Step 388/500 - Loss: 14414.7510
2025-06-05 14:21:15,361 - model - INFO - Step 389/500 - Loss: 14394.9854
2025-06-05 14:21:15,698 - model - INFO - Step 390/500 - Loss: 14375.2793
2025-06-05 14:21:16,032 - model - INFO - Step 391/500 - Loss: 14355.6318
2025-06-05 14:21:16,352 - model - INFO - Step 392/500 - Loss: 14336.0449
2025-06-05 14:21:16,690 - model - INFO - Step 393/500 - Loss: 14316.4941
2025-06-05 14:21:17,033 - model - INFO - Step 394/500 - Loss: 14297.0146
2025-06-05 14:21:17,358 - model - INFO - Step 395/500 - Loss: 14277.5996
2025-06-05 14:21:17,697 - model - INFO - Step 396/500 - Loss: 14258.2305
2025-06-05 14:21:18,034 - model - INFO - Step 397/500 - Loss: 14238.9307
2025-06-05 14:21:18,372 - model - INFO - Step 398/500 - Loss: 14219.7100
2025-06-05 14:21:18,718 - model - INFO - Step 399/500 - Loss: 14200.5576
2025-06-05 14:21:19,063 - model - INFO - Step 400/500 - Loss: 14181.4805
2025-06-05 14:21:19,391 - model - INFO - Step 401/500 - Loss: 14162.4600
2025-06-05 14:21:19,733 - model - INFO - Step 402/500 - Loss: 14143.5322
2025-06-05 14:21:20,069 - model - INFO - Step 403/500 - Loss: 14124.6543
2025-06-05 14:21:20,407 - model - INFO - Step 404/500 - Loss: 14105.8311
2025-06-05 14:21:20,746 - model - INFO - Step 405/500 - Loss: 14087.0713
2025-06-05 14:21:21,075 - model - INFO - Step 406/500 - Loss: 14068.3701
2025-06-05 14:21:21,410 - model - INFO - Step 407/500 - Loss: 14049.7480
2025-06-05 14:21:21,759 - model - INFO - Step 408/500 - Loss: 14031.1611
2025-06-05 14:21:22,105 - model - INFO - Step 409/500 - Loss: 14012.6514
2025-06-05 14:21:22,501 - model - INFO - Step 410/500 - Loss: 13994.2002
2025-06-05 14:21:22,921 - model - INFO - Step 411/500 - Loss: 13975.7998
2025-06-05 14:21:23,302 - model - INFO - Step 412/500 - Loss: 13957.4541
2025-06-05 14:21:23,668 - model - INFO - Step 413/500 - Loss: 13939.1621
2025-06-05 14:21:24,019 - model - INFO - Step 414/500 - Loss: 13920.8926
2025-06-05 14:21:24,363 - model - INFO - Step 415/500 - Loss: 13902.6641
2025-06-05 14:21:24,705 - model - INFO - Step 416/500 - Loss: 13884.4697
2025-06-05 14:21:25,048 - model - INFO - Step 417/500 - Loss: 13866.3486
2025-06-05 14:21:25,394 - model - INFO - Step 418/500 - Loss: 13848.3008
2025-06-05 14:21:25,727 - model - INFO - Step 419/500 - Loss: 13830.3076
2025-06-05 14:21:26,072 - model - INFO - Step 420/500 - Loss: 13812.3613
2025-06-05 14:21:26,400 - model - INFO - Step 421/500 - Loss: 13794.4697
2025-06-05 14:21:26,739 - model - INFO - Step 422/500 - Loss: 13776.6172
2025-06-05 14:21:27,083 - model - INFO - Step 423/500 - Loss: 13758.7754
2025-06-05 14:21:27,423 - model - INFO - Step 424/500 - Loss: 13740.9795
2025-06-05 14:21:27,766 - model - INFO - Step 425/500 - Loss: 13723.2422
2025-06-05 14:21:28,114 - model - INFO - Step 426/500 - Loss: 13705.5703
2025-06-05 14:21:28,452 - model - INFO - Step 427/500 - Loss: 13687.9834
2025-06-05 14:21:28,787 - model - INFO - Step 428/500 - Loss: 13670.4580
2025-06-05 14:21:29,132 - model - INFO - Step 429/500 - Loss: 13653.0010
2025-06-05 14:21:29,463 - model - INFO - Step 430/500 - Loss: 13635.6045
2025-06-05 14:21:29,806 - model - INFO - Step 431/500 - Loss: 13618.2852
2025-06-05 14:21:30,145 - model - INFO - Step 432/500 - Loss: 13601.0459
2025-06-05 14:21:30,500 - model - INFO - Step 433/500 - Loss: 13583.8604
2025-06-05 14:21:30,836 - model - INFO - Step 434/500 - Loss: 13566.7158
2025-06-05 14:21:31,185 - model - INFO - Step 435/500 - Loss: 13549.6299
2025-06-05 14:21:31,524 - model - INFO - Step 436/500 - Loss: 13532.5898
2025-06-05 14:21:31,857 - model - INFO - Step 437/500 - Loss: 13515.5967
2025-06-05 14:21:32,222 - model - INFO - Step 438/500 - Loss: 13498.6445
2025-06-05 14:21:32,569 - model - INFO - Step 439/500 - Loss: 13481.7148
2025-06-05 14:21:32,900 - model - INFO - Step 440/500 - Loss: 13464.8271
2025-06-05 14:21:33,227 - model - INFO - Step 441/500 - Loss: 13448.0010
2025-06-05 14:21:33,564 - model - INFO - Step 442/500 - Loss: 13431.2422
2025-06-05 14:21:33,901 - model - INFO - Step 443/500 - Loss: 13414.5459
2025-06-05 14:21:34,241 - model - INFO - Step 444/500 - Loss: 13397.8965
2025-06-05 14:21:34,585 - model - INFO - Step 445/500 - Loss: 13381.3018
2025-06-05 14:21:34,921 - model - INFO - Step 446/500 - Loss: 13364.7715
2025-06-05 14:21:35,273 - model - INFO - Step 447/500 - Loss: 13348.2910
2025-06-05 14:21:35,606 - model - INFO - Step 448/500 - Loss: 13331.8750
2025-06-05 14:21:35,954 - model - INFO - Step 449/500 - Loss: 13315.5127
2025-06-05 14:21:36,282 - model - INFO - Step 450/500 - Loss: 13299.1982
2025-06-05 14:21:36,629 - model - INFO - Step 451/500 - Loss: 13282.9502
2025-06-05 14:21:37,041 - model - INFO - Step 452/500 - Loss: 13266.7891
2025-06-05 14:21:37,401 - model - INFO - Step 453/500 - Loss: 13250.6982
2025-06-05 14:21:37,755 - model - INFO - Step 454/500 - Loss: 13234.6455
2025-06-05 14:21:38,112 - model - INFO - Step 455/500 - Loss: 13218.6621
2025-06-05 14:21:38,455 - model - INFO - Step 456/500 - Loss: 13202.7197
2025-06-05 14:21:38,815 - model - INFO - Step 457/500 - Loss: 13186.8076
2025-06-05 14:21:39,172 - model - INFO - Step 458/500 - Loss: 13170.9258
2025-06-05 14:21:39,524 - model - INFO - Step 459/500 - Loss: 13155.0820
2025-06-05 14:21:39,887 - model - INFO - Step 460/500 - Loss: 13139.2988
2025-06-05 14:21:40,247 - model - INFO - Step 461/500 - Loss: 13123.5566
2025-06-05 14:21:40,611 - model - INFO - Step 462/500 - Loss: 13107.8828
2025-06-05 14:21:40,961 - model - INFO - Step 463/500 - Loss: 13092.2627
2025-06-05 14:21:41,322 - model - INFO - Step 464/500 - Loss: 13076.7129
2025-06-05 14:21:41,699 - model - INFO - Step 465/500 - Loss: 13061.1885
2025-06-05 14:21:42,051 - model - INFO - Step 466/500 - Loss: 13045.7012
2025-06-05 14:21:42,403 - model - INFO - Step 467/500 - Loss: 13030.2490
2025-06-05 14:21:42,761 - model - INFO - Step 468/500 - Loss: 13014.8350
2025-06-05 14:21:43,098 - model - INFO - Step 469/500 - Loss: 12999.4580
2025-06-05 14:21:43,458 - model - INFO - Step 470/500 - Loss: 12984.1416
2025-06-05 14:21:43,817 - model - INFO - Step 471/500 - Loss: 12968.8818
2025-06-05 14:21:44,184 - model - INFO - Step 472/500 - Loss: 12953.6436
2025-06-05 14:21:44,551 - model - INFO - Step 473/500 - Loss: 12938.4580
2025-06-05 14:21:44,903 - model - INFO - Step 474/500 - Loss: 12923.3105
2025-06-05 14:21:45,265 - model - INFO - Step 475/500 - Loss: 12908.1865
2025-06-05 14:21:45,633 - model - INFO - Step 476/500 - Loss: 12893.0967
2025-06-05 14:21:45,995 - model - INFO - Step 477/500 - Loss: 12878.0410
2025-06-05 14:21:46,351 - model - INFO - Step 478/500 - Loss: 12863.0254
2025-06-05 14:21:46,714 - model - INFO - Step 479/500 - Loss: 12848.0410
2025-06-05 14:21:47,085 - model - INFO - Step 480/500 - Loss: 12833.0898
2025-06-05 14:21:47,442 - model - INFO - Step 481/500 - Loss: 12818.1572
2025-06-05 14:21:47,859 - model - INFO - Step 482/500 - Loss: 12803.2695
2025-06-05 14:21:48,236 - model - INFO - Step 483/500 - Loss: 12788.4375
2025-06-05 14:21:48,597 - model - INFO - Step 484/500 - Loss: 12773.6787
2025-06-05 14:21:48,948 - model - INFO - Step 485/500 - Loss: 12758.9648
2025-06-05 14:21:49,303 - model - INFO - Step 486/500 - Loss: 12744.2930
2025-06-05 14:21:49,651 - model - INFO - Step 487/500 - Loss: 12729.6748
2025-06-05 14:21:49,993 - model - INFO - Step 488/500 - Loss: 12715.0908
2025-06-05 14:21:50,342 - model - INFO - Step 489/500 - Loss: 12700.5342
2025-06-05 14:21:50,684 - model - INFO - Step 490/500 - Loss: 12686.0068
2025-06-05 14:21:51,044 - model - INFO - Step 491/500 - Loss: 12671.5410
2025-06-05 14:21:51,390 - model - INFO - Step 492/500 - Loss: 12657.1396
2025-06-05 14:21:51,730 - model - INFO - Step 493/500 - Loss: 12642.7754
2025-06-05 14:21:52,070 - model - INFO - Step 494/500 - Loss: 12628.4365
2025-06-05 14:21:52,417 - model - INFO - Step 495/500 - Loss: 12614.1260
2025-06-05 14:21:52,765 - model - INFO - Step 496/500 - Loss: 12599.8516
2025-06-05 14:21:53,116 - model - INFO - Step 497/500 - Loss: 12585.6299
2025-06-05 14:21:53,461 - model - INFO - Step 498/500 - Loss: 12571.4404
2025-06-05 14:21:53,806 - model - INFO - Step 499/500 - Loss: 12557.2656
2025-06-05 14:21:54,150 - model - INFO - Step 500/500 - Loss: 12543.1211
2025-06-05 14:21:54,155 - model - INFO - Style transfer completed successfully
2025-06-05 14:21:54,187 - root - INFO - Transfer marked as complete for client client_1749113348361
2025-06-05 14:21:54,220 - root - INFO - WebSocket disconnected normally for client client_1749113348361
2025-06-05 14:21:54,221 - root - INFO - Transfer completed, closing WebSocket for client client_1749113348361
2025-06-05 14:21:54,221 - root - INFO - WebSocket connection closed for client client_1749113348361. Active connections: 0
